  [1m[35m (0.5ms)[0m  [1m[35mSET NAMES utf8,  @@SESSION.sql_mode = CONCAT(CONCAT(@@sql_mode, ',STRICT_ALL_TABLES'), ',NO_AUTO_VALUE_ON_ZERO'),  @@SESSION.sql_auto_is_null = 0, @@SESSION.wait_timeout = 2147483[0m
  [1m[35m (287.2ms)[0m  [1m[35mCREATE TABLE `schema_migrations` (`version` varchar(255) NOT NULL PRIMARY KEY) ENGINE=InnoDB[0m
  [1m[35m (217.5ms)[0m  [1m[35mCREATE TABLE `ar_internal_metadata` (`key` varchar(255) NOT NULL PRIMARY KEY, `value` varchar(255), `created_at` datetime NOT NULL, `updated_at` datetime NOT NULL) ENGINE=InnoDB[0m
  [1m[35m (17.5ms)[0m  [1m[34mSELECT GET_LOCK('4705828693810587525', 0)[0m
  [1m[35m (0.3ms)[0m  [1m[34mSELECT `schema_migrations`.`version` FROM `schema_migrations` ORDER BY `schema_migrations`.`version` ASC[0m
Migrating to CreateUsers (20180405110725)
  [1m[35m (219.5ms)[0m  [1m[35mCREATE TABLE `users` (`id` bigint NOT NULL AUTO_INCREMENT PRIMARY KEY, `name` varchar(255), `password` varchar(255), `email` varchar(255), `provider` varchar(255), `created_at` datetime NOT NULL, `updated_at` datetime NOT NULL) ENGINE=InnoDB[0m
  [1m[35m (0.4ms)[0m  [1m[35mBEGIN[0m
  [1m[35mSQL (1.1ms)[0m  [1m[32mINSERT INTO `schema_migrations` (`version`) VALUES ('20180405110725')[0m
  [1m[35m (22.7ms)[0m  [1m[35mCOMMIT[0m
Migrating to CreateGroups (20180405110741)
  [1m[35m (253.5ms)[0m  [1m[35mCREATE TABLE `groups` (`id` bigint NOT NULL AUTO_INCREMENT PRIMARY KEY, `name` varchar(255), `user_id` bigint, `created_at` datetime NOT NULL, `updated_at` datetime NOT NULL,  INDEX `index_groups_on_user_id`  (`user_id`)) ENGINE=InnoDB[0m
  [1m[35m (0.5ms)[0m  [1m[35mBEGIN[0m
  [1m[35mSQL (0.7ms)[0m  [1m[32mINSERT INTO `schema_migrations` (`version`) VALUES ('20180405110741')[0m
  [1m[35m (117.1ms)[0m  [1m[35mCOMMIT[0m
Migrating to CreateJoinTableUserGroup (20180405111614)
  [1m[35m (278.4ms)[0m  [1m[35mCREATE TABLE `groups_users` (`user_id` bigint NOT NULL, `group_id` bigint NOT NULL,  INDEX `index_groups_users_on_user_id_and_group_id`  (`user_id`, `group_id`)) ENGINE=InnoDB[0m
  [1m[35m (0.4ms)[0m  [1m[35mBEGIN[0m
  [1m[35mSQL (0.6ms)[0m  [1m[32mINSERT INTO `schema_migrations` (`version`) VALUES ('20180405111614')[0m
  [1m[35m (28.7ms)[0m  [1m[35mCOMMIT[0m
  [1m[36mActiveRecord::InternalMetadata Load (0.6ms)[0m  [1m[34mSELECT  `ar_internal_metadata`.* FROM `ar_internal_metadata` WHERE `ar_internal_metadata`.`key` = 'environment' LIMIT 1[0m
  [1m[35m (0.6ms)[0m  [1m[35mBEGIN[0m
  [1m[35mSQL (0.5ms)[0m  [1m[32mINSERT INTO `ar_internal_metadata` (`key`, `value`, `created_at`, `updated_at`) VALUES ('environment', 'development', '2018-04-05 11:20:42', '2018-04-05 11:20:42')[0m
  [1m[35m (29.0ms)[0m  [1m[35mCOMMIT[0m
  [1m[35m (0.8ms)[0m  [1m[34mSELECT RELEASE_LOCK('4705828693810587525')[0m
  [1m[35m (0.6ms)[0m  [1m[34mSELECT `schema_migrations`.`version` FROM `schema_migrations` ORDER BY `schema_migrations`.`version` ASC[0m
  [1m[35m (0.3ms)[0m  [1m[35mSET NAMES utf8,  @@SESSION.sql_mode = CONCAT(CONCAT(@@sql_mode, ',STRICT_ALL_TABLES'), ',NO_AUTO_VALUE_ON_ZERO'),  @@SESSION.sql_auto_is_null = 0, @@SESSION.wait_timeout = 2147483[0m
  [1m[35m (0.4ms)[0m  [1m[35mBEGIN[0m
  [1m[35mSQL (0.6ms)[0m  [1m[32mINSERT INTO `users` (`name`, `password`, `email`, `provider`, `created_at`, `updated_at`) VALUES ('mohamed', '123456', 'm.gemyero91@gmail.com', 'local', '2018-04-05 13:54:37', '2018-04-05 13:54:37')[0m
  [1m[35m (30.6ms)[0m  [1m[35mCOMMIT[0m
  [1m[35m (0.6ms)[0m  [1m[35mBEGIN[0m
  [1m[35mSQL (0.8ms)[0m  [1m[32mINSERT INTO `users` (`name`, `password`, `email`, `provider`, `created_at`, `updated_at`) VALUES ('tarek', '123456', 'tarek@gmail.com', 'local', '2018-04-05 13:54:52', '2018-04-05 13:54:52')[0m
  [1m[35m (90.7ms)[0m  [1m[35mCOMMIT[0m
  [1m[35m (0.4ms)[0m  [1m[35mBEGIN[0m
  [1m[35mSQL (0.8ms)[0m  [1m[32mINSERT INTO `users` (`name`, `password`, `email`, `provider`, `created_at`, `updated_at`) VALUES ('mezo', '123456', 'mezo@gmail.com', 'local', '2018-04-05 13:55:06', '2018-04-05 13:55:06')[0m
  [1m[35m (61.2ms)[0m  [1m[35mCOMMIT[0m
  [1m[36mUser Load (0.9ms)[0m  [1m[34mSELECT  `users`.* FROM `users` ORDER BY `users`.`id` ASC LIMIT 1[0m
  [1m[36mUser Load (0.3ms)[0m  [1m[34mSELECT  `users`.* FROM `users` ORDER BY `users`.`id` ASC LIMIT 1[0m
  [1m[35m (0.5ms)[0m  [1m[35mBEGIN[0m
  [1m[35mSQL (0.6ms)[0m  [1m[32mINSERT INTO `groups` (`name`, `user_id`, `created_at`, `updated_at`) VALUES ('os', 1, '2018-04-05 13:56:17', '2018-04-05 13:56:17')[0m
  [1m[35m (53.8ms)[0m  [1m[35mCOMMIT[0m
  [1m[36mGroup Load (0.7ms)[0m  [1m[34mSELECT  `groups`.* FROM `groups` LIMIT 11[0m
  [1m[36mGroup Load (0.9ms)[0m  [1m[34mSELECT  `groups`.* FROM `groups` ORDER BY `groups`.`id` ASC LIMIT 1[0m
  [1m[36mUser Load (26.2ms)[0m  [1m[34mSELECT  `users`.* FROM `users` INNER JOIN `groups_users` ON `users`.`id` = `groups_users`.`user_id` WHERE `groups_users`.`group_id` = 1 LIMIT 11[0m
  [1m[36mGroup Load (0.8ms)[0m  [1m[34mSELECT  `groups`.* FROM `groups` ORDER BY `groups`.`id` ASC LIMIT 1[0m
  [1m[36mUser Load (0.9ms)[0m  [1m[34mSELECT  `users`.* FROM `users` WHERE `users`.`id` = 1 LIMIT 1[0m
  [1m[36mUser Load (0.9ms)[0m  [1m[34mSELECT  `users`.* FROM `users` ORDER BY `users`.`id` ASC LIMIT 1[0m
  [1m[36mGroup Load (44.1ms)[0m  [1m[34mSELECT  `groups`.* FROM `groups` INNER JOIN `groups_users` ON `groups`.`id` = `groups_users`.`group_id` WHERE `groups_users`.`user_id` = 1 LIMIT 11[0m
  [1m[36mUser Load (0.8ms)[0m  [1m[34mSELECT  `users`.* FROM `users` ORDER BY `users`.`id` ASC LIMIT 1[0m
  [1m[36mGroup Load (0.4ms)[0m  [1m[34mSELECT  `groups`.* FROM `groups` INNER JOIN `groups_users` ON `groups`.`id` = `groups_users`.`group_id` WHERE `groups_users`.`user_id` = 1 LIMIT 11[0m
  [1m[36mGroup Load (0.9ms)[0m  [1m[34mSELECT  `groups`.* FROM `groups` ORDER BY `groups`.`id` ASC LIMIT 1[0m
  [1m[36mUser Load (0.9ms)[0m  [1m[34mSELECT  `users`.* FROM `users` INNER JOIN `groups_users` ON `users`.`id` = `groups_users`.`user_id` WHERE `groups_users`.`group_id` = 1 LIMIT 11[0m
  [1m[36mGroup Load (0.8ms)[0m  [1m[34mSELECT  `groups`.* FROM `groups` ORDER BY `groups`.`id` ASC LIMIT 1[0m
  [1m[36mUser Load (0.7ms)[0m  [1m[34mSELECT  `users`.* FROM `users` WHERE `users`.`id` = 2 LIMIT 1[0m
  [1m[35m (0.4ms)[0m  [1m[35mBEGIN[0m
  [1m[35mSQL (0.2ms)[0m  [1m[32mINSERT INTO `groups_users` (`user_id`, `group_id`) VALUES (2, 1)[0m
  [1m[35m (61.7ms)[0m  [1m[35mCOMMIT[0m
  [1m[36mUser Load (1.0ms)[0m  [1m[34mSELECT  `users`.* FROM `users` INNER JOIN `groups_users` ON `users`.`id` = `groups_users`.`user_id` WHERE `groups_users`.`group_id` = 1 LIMIT 11[0m
  [1m[36mGroup Load (0.8ms)[0m  [1m[34mSELECT  `groups`.* FROM `groups` ORDER BY `groups`.`id` ASC LIMIT 1[0m
  [1m[36mUser Load (1.0ms)[0m  [1m[34mSELECT  `users`.* FROM `users` WHERE `users`.`id` = 3 LIMIT 1[0m
  [1m[35m (0.4ms)[0m  [1m[35mBEGIN[0m
  [1m[35mSQL (0.3ms)[0m  [1m[32mINSERT INTO `groups_users` (`user_id`, `group_id`) VALUES (3, 1)[0m
  [1m[35m (78.7ms)[0m  [1m[35mCOMMIT[0m
  [1m[36mUser Load (0.4ms)[0m  [1m[34mSELECT  `users`.* FROM `users` INNER JOIN `groups_users` ON `users`.`id` = `groups_users`.`user_id` WHERE `groups_users`.`group_id` = 1 LIMIT 11[0m
  [1m[36mGroup Load (0.8ms)[0m  [1m[34mSELECT  `groups`.* FROM `groups` ORDER BY `groups`.`id` ASC LIMIT 1[0m
  [1m[36mUser Load (1.0ms)[0m  [1m[34mSELECT  `users`.* FROM `users` INNER JOIN `groups_users` ON `users`.`id` = `groups_users`.`user_id` WHERE `groups_users`.`group_id` = 1 LIMIT 11[0m
  [1m[36mUser Load (0.8ms)[0m  [1m[34mSELECT  `users`.* FROM `users` ORDER BY `users`.`id` ASC LIMIT 1[0m
  [1m[36mGroup Load (1.0ms)[0m  [1m[34mSELECT  `groups`.* FROM `groups` INNER JOIN `groups_users` ON `groups`.`id` = `groups_users`.`group_id` WHERE `groups_users`.`user_id` = 1 LIMIT 11[0m
  [1m[36mUser Load (0.9ms)[0m  [1m[34mSELECT  `users`.* FROM `users` ORDER BY `users`.`id` DESC LIMIT 1[0m
  [1m[36mGroup Load (0.4ms)[0m  [1m[34mSELECT  `groups`.* FROM `groups` INNER JOIN `groups_users` ON `groups`.`id` = `groups_users`.`group_id` WHERE `groups_users`.`user_id` = 3 LIMIT 11[0m
Started GET "/groups/1/users" for 127.0.0.1 at 2018-04-05 16:07:41 +0200
  [1m[35m (0.3ms)[0m  [1m[35mSET NAMES utf8,  @@SESSION.sql_mode = CONCAT(CONCAT(@@sql_mode, ',STRICT_ALL_TABLES'), ',NO_AUTO_VALUE_ON_ZERO'),  @@SESSION.sql_auto_is_null = 0, @@SESSION.wait_timeout = 2147483[0m
  [1m[35m (0.3ms)[0m  [1m[34mSELECT `schema_migrations`.`version` FROM `schema_migrations` ORDER BY `schema_migrations`.`version` ASC[0m
  
ActionController::RoutingError (uninitialized constant GroupsController):
  
activesupport (5.1.6) lib/active_support/inflector/methods.rb:269:in `const_get'
activesupport (5.1.6) lib/active_support/inflector/methods.rb:269:in `block in constantize'
activesupport (5.1.6) lib/active_support/inflector/methods.rb:267:in `each'
activesupport (5.1.6) lib/active_support/inflector/methods.rb:267:in `inject'
activesupport (5.1.6) lib/active_support/inflector/methods.rb:267:in `constantize'
actionpack (5.1.6) lib/action_dispatch/http/request.rb:85:in `controller_class_for'
actionpack (5.1.6) lib/action_dispatch/http/request.rb:78:in `controller_class'
actionpack (5.1.6) lib/action_dispatch/routing/route_set.rb:43:in `controller'
actionpack (5.1.6) lib/action_dispatch/routing/route_set.rb:29:in `serve'
actionpack (5.1.6) lib/action_dispatch/journey/router.rb:50:in `block in serve'
actionpack (5.1.6) lib/action_dispatch/journey/router.rb:33:in `each'
actionpack (5.1.6) lib/action_dispatch/journey/router.rb:33:in `serve'
actionpack (5.1.6) lib/action_dispatch/routing/route_set.rb:844:in `call'
rack (2.0.4) lib/rack/etag.rb:25:in `call'
rack (2.0.4) lib/rack/conditional_get.rb:25:in `call'
rack (2.0.4) lib/rack/head.rb:12:in `call'
activerecord (5.1.6) lib/active_record/migration.rb:556:in `call'
actionpack (5.1.6) lib/action_dispatch/middleware/callbacks.rb:26:in `block in call'
activesupport (5.1.6) lib/active_support/callbacks.rb:97:in `run_callbacks'
actionpack (5.1.6) lib/action_dispatch/middleware/callbacks.rb:24:in `call'
actionpack (5.1.6) lib/action_dispatch/middleware/executor.rb:12:in `call'
actionpack (5.1.6) lib/action_dispatch/middleware/debug_exceptions.rb:59:in `call'
actionpack (5.1.6) lib/action_dispatch/middleware/show_exceptions.rb:31:in `call'
railties (5.1.6) lib/rails/rack/logger.rb:36:in `call_app'
railties (5.1.6) lib/rails/rack/logger.rb:24:in `block in call'
activesupport (5.1.6) lib/active_support/tagged_logging.rb:69:in `block in tagged'
activesupport (5.1.6) lib/active_support/tagged_logging.rb:26:in `tagged'
activesupport (5.1.6) lib/active_support/tagged_logging.rb:69:in `tagged'
railties (5.1.6) lib/rails/rack/logger.rb:24:in `call'
actionpack (5.1.6) lib/action_dispatch/middleware/remote_ip.rb:79:in `call'
actionpack (5.1.6) lib/action_dispatch/middleware/request_id.rb:25:in `call'
rack (2.0.4) lib/rack/runtime.rb:22:in `call'
activesupport (5.1.6) lib/active_support/cache/strategy/local_cache_middleware.rb:27:in `call'
actionpack (5.1.6) lib/action_dispatch/middleware/executor.rb:12:in `call'
actionpack (5.1.6) lib/action_dispatch/middleware/static.rb:125:in `call'
rack (2.0.4) lib/rack/sendfile.rb:111:in `call'
railties (5.1.6) lib/rails/engine.rb:522:in `call'
puma (3.11.3) lib/puma/configuration.rb:225:in `call'
puma (3.11.3) lib/puma/server.rb:624:in `handle_request'
puma (3.11.3) lib/puma/server.rb:438:in `process_client'
puma (3.11.3) lib/puma/server.rb:302:in `block in run'
puma (3.11.3) lib/puma/thread_pool.rb:120:in `block in spawn_thread'
Started GET "/favicon.ico" for 127.0.0.1 at 2018-04-05 16:07:41 +0200
  
ActionController::RoutingError (No route matches [GET] "/favicon.ico"):
  
actionpack (5.1.6) lib/action_dispatch/middleware/debug_exceptions.rb:63:in `call'
actionpack (5.1.6) lib/action_dispatch/middleware/show_exceptions.rb:31:in `call'
railties (5.1.6) lib/rails/rack/logger.rb:36:in `call_app'
railties (5.1.6) lib/rails/rack/logger.rb:24:in `block in call'
activesupport (5.1.6) lib/active_support/tagged_logging.rb:69:in `block in tagged'
activesupport (5.1.6) lib/active_support/tagged_logging.rb:26:in `tagged'
activesupport (5.1.6) lib/active_support/tagged_logging.rb:69:in `tagged'
railties (5.1.6) lib/rails/rack/logger.rb:24:in `call'
actionpack (5.1.6) lib/action_dispatch/middleware/remote_ip.rb:79:in `call'
actionpack (5.1.6) lib/action_dispatch/middleware/request_id.rb:25:in `call'
rack (2.0.4) lib/rack/runtime.rb:22:in `call'
activesupport (5.1.6) lib/active_support/cache/strategy/local_cache_middleware.rb:27:in `call'
actionpack (5.1.6) lib/action_dispatch/middleware/executor.rb:12:in `call'
actionpack (5.1.6) lib/action_dispatch/middleware/static.rb:125:in `call'
rack (2.0.4) lib/rack/sendfile.rb:111:in `call'
railties (5.1.6) lib/rails/engine.rb:522:in `call'
puma (3.11.3) lib/puma/configuration.rb:225:in `call'
puma (3.11.3) lib/puma/server.rb:624:in `handle_request'
puma (3.11.3) lib/puma/server.rb:438:in `process_client'
puma (3.11.3) lib/puma/server.rb:302:in `block in run'
puma (3.11.3) lib/puma/thread_pool.rb:120:in `block in spawn_thread'
Started GET "/groups/1/users" for 127.0.0.1 at 2018-04-05 16:07:56 +0200
  
ActionController::RoutingError (uninitialized constant GroupsController):
  
activesupport (5.1.6) lib/active_support/inflector/methods.rb:269:in `const_get'
activesupport (5.1.6) lib/active_support/inflector/methods.rb:269:in `block in constantize'
activesupport (5.1.6) lib/active_support/inflector/methods.rb:267:in `each'
activesupport (5.1.6) lib/active_support/inflector/methods.rb:267:in `inject'
activesupport (5.1.6) lib/active_support/inflector/methods.rb:267:in `constantize'
actionpack (5.1.6) lib/action_dispatch/http/request.rb:85:in `controller_class_for'
actionpack (5.1.6) lib/action_dispatch/http/request.rb:78:in `controller_class'
actionpack (5.1.6) lib/action_dispatch/routing/route_set.rb:43:in `controller'
actionpack (5.1.6) lib/action_dispatch/routing/route_set.rb:29:in `serve'
actionpack (5.1.6) lib/action_dispatch/journey/router.rb:50:in `block in serve'
actionpack (5.1.6) lib/action_dispatch/journey/router.rb:33:in `each'
actionpack (5.1.6) lib/action_dispatch/journey/router.rb:33:in `serve'
actionpack (5.1.6) lib/action_dispatch/routing/route_set.rb:844:in `call'
rack (2.0.4) lib/rack/etag.rb:25:in `call'
rack (2.0.4) lib/rack/conditional_get.rb:25:in `call'
rack (2.0.4) lib/rack/head.rb:12:in `call'
activerecord (5.1.6) lib/active_record/migration.rb:556:in `call'
actionpack (5.1.6) lib/action_dispatch/middleware/callbacks.rb:26:in `block in call'
activesupport (5.1.6) lib/active_support/callbacks.rb:97:in `run_callbacks'
actionpack (5.1.6) lib/action_dispatch/middleware/callbacks.rb:24:in `call'
actionpack (5.1.6) lib/action_dispatch/middleware/executor.rb:12:in `call'
actionpack (5.1.6) lib/action_dispatch/middleware/debug_exceptions.rb:59:in `call'
actionpack (5.1.6) lib/action_dispatch/middleware/show_exceptions.rb:31:in `call'
railties (5.1.6) lib/rails/rack/logger.rb:36:in `call_app'
railties (5.1.6) lib/rails/rack/logger.rb:24:in `block in call'
activesupport (5.1.6) lib/active_support/tagged_logging.rb:69:in `block in tagged'
activesupport (5.1.6) lib/active_support/tagged_logging.rb:26:in `tagged'
activesupport (5.1.6) lib/active_support/tagged_logging.rb:69:in `tagged'
railties (5.1.6) lib/rails/rack/logger.rb:24:in `call'
actionpack (5.1.6) lib/action_dispatch/middleware/remote_ip.rb:79:in `call'
actionpack (5.1.6) lib/action_dispatch/middleware/request_id.rb:25:in `call'
rack (2.0.4) lib/rack/runtime.rb:22:in `call'
activesupport (5.1.6) lib/active_support/cache/strategy/local_cache_middleware.rb:27:in `call'
actionpack (5.1.6) lib/action_dispatch/middleware/executor.rb:12:in `call'
actionpack (5.1.6) lib/action_dispatch/middleware/static.rb:125:in `call'
rack (2.0.4) lib/rack/sendfile.rb:111:in `call'
railties (5.1.6) lib/rails/engine.rb:522:in `call'
puma (3.11.3) lib/puma/configuration.rb:225:in `call'
puma (3.11.3) lib/puma/server.rb:624:in `handle_request'
puma (3.11.3) lib/puma/server.rb:438:in `process_client'
puma (3.11.3) lib/puma/server.rb:302:in `block in run'
puma (3.11.3) lib/puma/thread_pool.rb:120:in `block in spawn_thread'
Started GET "/groups/1/users" for 127.0.0.1 at 2018-04-05 16:09:00 +0200
  
ActionController::RoutingError (uninitialized constant GroupsController):
  
activesupport (5.1.6) lib/active_support/inflector/methods.rb:269:in `const_get'
activesupport (5.1.6) lib/active_support/inflector/methods.rb:269:in `block in constantize'
activesupport (5.1.6) lib/active_support/inflector/methods.rb:267:in `each'
activesupport (5.1.6) lib/active_support/inflector/methods.rb:267:in `inject'
activesupport (5.1.6) lib/active_support/inflector/methods.rb:267:in `constantize'
actionpack (5.1.6) lib/action_dispatch/http/request.rb:85:in `controller_class_for'
actionpack (5.1.6) lib/action_dispatch/http/request.rb:78:in `controller_class'
actionpack (5.1.6) lib/action_dispatch/routing/route_set.rb:43:in `controller'
actionpack (5.1.6) lib/action_dispatch/routing/route_set.rb:29:in `serve'
actionpack (5.1.6) lib/action_dispatch/journey/router.rb:50:in `block in serve'
actionpack (5.1.6) lib/action_dispatch/journey/router.rb:33:in `each'
actionpack (5.1.6) lib/action_dispatch/journey/router.rb:33:in `serve'
actionpack (5.1.6) lib/action_dispatch/routing/route_set.rb:844:in `call'
rack (2.0.4) lib/rack/etag.rb:25:in `call'
rack (2.0.4) lib/rack/conditional_get.rb:25:in `call'
rack (2.0.4) lib/rack/head.rb:12:in `call'
activerecord (5.1.6) lib/active_record/migration.rb:556:in `call'
actionpack (5.1.6) lib/action_dispatch/middleware/callbacks.rb:26:in `block in call'
activesupport (5.1.6) lib/active_support/callbacks.rb:97:in `run_callbacks'
actionpack (5.1.6) lib/action_dispatch/middleware/callbacks.rb:24:in `call'
actionpack (5.1.6) lib/action_dispatch/middleware/executor.rb:12:in `call'
actionpack (5.1.6) lib/action_dispatch/middleware/debug_exceptions.rb:59:in `call'
actionpack (5.1.6) lib/action_dispatch/middleware/show_exceptions.rb:31:in `call'
railties (5.1.6) lib/rails/rack/logger.rb:36:in `call_app'
railties (5.1.6) lib/rails/rack/logger.rb:24:in `block in call'
activesupport (5.1.6) lib/active_support/tagged_logging.rb:69:in `block in tagged'
activesupport (5.1.6) lib/active_support/tagged_logging.rb:26:in `tagged'
activesupport (5.1.6) lib/active_support/tagged_logging.rb:69:in `tagged'
railties (5.1.6) lib/rails/rack/logger.rb:24:in `call'
actionpack (5.1.6) lib/action_dispatch/middleware/remote_ip.rb:79:in `call'
actionpack (5.1.6) lib/action_dispatch/middleware/request_id.rb:25:in `call'
rack (2.0.4) lib/rack/runtime.rb:22:in `call'
activesupport (5.1.6) lib/active_support/cache/strategy/local_cache_middleware.rb:27:in `call'
actionpack (5.1.6) lib/action_dispatch/middleware/executor.rb:12:in `call'
actionpack (5.1.6) lib/action_dispatch/middleware/static.rb:125:in `call'
rack (2.0.4) lib/rack/sendfile.rb:111:in `call'
railties (5.1.6) lib/rails/engine.rb:522:in `call'
puma (3.11.3) lib/puma/configuration.rb:225:in `call'
puma (3.11.3) lib/puma/server.rb:624:in `handle_request'
puma (3.11.3) lib/puma/server.rb:438:in `process_client'
puma (3.11.3) lib/puma/server.rb:302:in `block in run'
puma (3.11.3) lib/puma/thread_pool.rb:120:in `block in spawn_thread'
Started GET "/groups/1/users" for 127.0.0.1 at 2018-04-05 16:10:10 +0200
Processing by GroupController#list_group_users as HTML
  Parameters: {"id"=>"1"}
Completed 204 No Content in 2ms (ActiveRecord: 0.0ms)


Started GET "/groups/1/users" for 127.0.0.1 at 2018-04-05 16:10:10 +0200
Processing by GroupController#list_group_users as HTML
  Parameters: {"id"=>"1"}
Completed 204 No Content in 1ms (ActiveRecord: 0.0ms)


Started GET "/groups/1/users" for 127.0.0.1 at 2018-04-05 16:10:21 +0200
  [1m[35m (0.3ms)[0m  [1m[35mSET NAMES utf8,  @@SESSION.sql_mode = CONCAT(CONCAT(@@sql_mode, ',STRICT_ALL_TABLES'), ',NO_AUTO_VALUE_ON_ZERO'),  @@SESSION.sql_auto_is_null = 0, @@SESSION.wait_timeout = 2147483[0m
  [1m[35m (0.3ms)[0m  [1m[34mSELECT `schema_migrations`.`version` FROM `schema_migrations` ORDER BY `schema_migrations`.`version` ASC[0m
Processing by GroupController#list_group_users as HTML
  Parameters: {"id"=>"1"}
Completed 204 No Content in 0ms (ActiveRecord: 0.0ms)


Started GET "/groups/1/users" for 127.0.0.1 at 2018-04-05 16:10:30 +0200
Processing by GroupController#list_group_users as HTML
  Parameters: {"id"=>"1"}
Completed 204 No Content in 1ms (ActiveRecord: 0.0ms)


Started GET "/groups/1/users" for 127.0.0.1 at 2018-04-05 16:10:41 +0200
  [1m[35m (0.7ms)[0m  [1m[35mSET NAMES utf8,  @@SESSION.sql_mode = CONCAT(CONCAT(@@sql_mode, ',STRICT_ALL_TABLES'), ',NO_AUTO_VALUE_ON_ZERO'),  @@SESSION.sql_auto_is_null = 0, @@SESSION.wait_timeout = 2147483[0m
Processing by GroupController#list_group_users as HTML
  Parameters: {"id"=>"1"}
Completed 200 OK in 1ms (Views: 0.3ms | ActiveRecord: 0.0ms)


Started GET "/groups/1/users" for 127.0.0.1 at 2018-04-05 16:10:55 +0200
Processing by GroupController#list_group_users as HTML
  Parameters: {"id"=>"1"}
Completed 200 OK in 0ms (Views: 0.2ms | ActiveRecord: 0.0ms)


Started GET "/groups/1/users" for 127.0.0.1 at 2018-04-05 16:11:07 +0200
Processing by GroupController#list_group_users as HTML
  Parameters: {"id"=>"1"}
Completed 200 OK in 1ms (Views: 0.1ms | ActiveRecord: 0.0ms)


Started GET "/groups/1/users" for 127.0.0.1 at 2018-04-05 16:12:18 +0200
Processing by GroupController#list_group_users as HTML
  Parameters: {"id"=>"1"}
  [1m[36mGroup Load (0.3ms)[0m  [1m[34mSELECT  `groups`.* FROM `groups` WHERE `groups`.`id` = 1 LIMIT 1[0m
  [1m[36mUser Load (0.5ms)[0m  [1m[34mSELECT `users`.* FROM `users` INNER JOIN `groups_users` ON `users`.`id` = `groups_users`.`user_id` WHERE `groups_users`.`group_id` = 1[0m
Completed 200 OK in 47ms (Views: 16.7ms | ActiveRecord: 2.6ms)


Started GET "/groups/2/users" for 127.0.0.1 at 2018-04-05 16:12:27 +0200
Processing by GroupController#list_group_users as HTML
  Parameters: {"id"=>"2"}
  [1m[36mGroup Load (0.2ms)[0m  [1m[34mSELECT  `groups`.* FROM `groups` WHERE `groups`.`id` = 2 LIMIT 1[0m
Completed 500 Internal Server Error in 9ms (ActiveRecord: 0.2ms)


  
NoMethodError (undefined method `users' for nil:NilClass):
  
app/controllers/group_controller.rb:5:in `list_group_users'
Started GET "/groups/2/users" for 127.0.0.1 at 2018-04-05 16:13:34 +0200
Processing by GroupController#list_group_users as HTML
  Parameters: {"id"=>"2"}
  [1m[36mGroup Load (0.3ms)[0m  [1m[34mSELECT  `groups`.* FROM `groups` WHERE `groups`.`id` = 2 LIMIT 1[0m
Completed 200 OK in 12ms (Views: 0.3ms | ActiveRecord: 0.3ms)


Started GET "/groups/2/users" for 127.0.0.1 at 2018-04-05 16:13:56 +0200
  
SyntaxError (/home/mohamed/Desktop/YallaNotlop/RailsRestApi/app/controllers/group_controller.rb:8: syntax error, unexpected tLABEL
         render json: message: 'no such group'
                              ^):
  
app/controllers/group_controller.rb:8: syntax error, unexpected tLABEL
Started GET "/groups/2/users" for 127.0.0.1 at 2018-04-05 16:14:29 +0200
Processing by GroupController#list_group_users as HTML
  Parameters: {"id"=>"2"}
  [1m[36mGroup Load (0.5ms)[0m  [1m[34mSELECT  `groups`.* FROM `groups` WHERE `groups`.`id` = 2 LIMIT 1[0m
Completed 200 OK in 14ms (Views: 0.2ms | ActiveRecord: 1.7ms)


Started GET "/groups/1/users" for 127.0.0.1 at 2018-04-05 16:14:39 +0200
Processing by GroupController#list_group_users as HTML
  Parameters: {"id"=>"1"}
  [1m[36mGroup Load (0.6ms)[0m  [1m[34mSELECT  `groups`.* FROM `groups` WHERE `groups`.`id` = 1 LIMIT 1[0m
  [1m[36mUser Load (0.4ms)[0m  [1m[34mSELECT `users`.* FROM `users` INNER JOIN `groups_users` ON `users`.`id` = `groups_users`.`user_id` WHERE `groups_users`.`group_id` = 1[0m
Completed 200 OK in 25ms (Views: 9.0ms | ActiveRecord: 3.3ms)


Started GET "/groups/2/users" for 127.0.0.1 at 2018-04-05 16:14:46 +0200
Processing by GroupController#list_group_users as HTML
  Parameters: {"id"=>"2"}
  [1m[36mGroup Load (0.3ms)[0m  [1m[34mSELECT  `groups`.* FROM `groups` WHERE `groups`.`id` = 2 LIMIT 1[0m
Completed 200 OK in 1ms (Views: 0.2ms | ActiveRecord: 0.3ms)


Started POST "/users/1/groups" for 127.0.0.1 at 2018-04-05 16:18:51 +0200
Processing by UserController#add_new_group as */*
  Parameters: {"id"=>"1"}
Completed 200 OK in 0ms (Views: 0.1ms | ActiveRecord: 0.0ms)


Started POST "/users/1/groups" for 127.0.0.1 at 2018-04-05 16:19:19 +0200
  [1m[35m (0.3ms)[0m  [1m[35mSET NAMES utf8,  @@SESSION.sql_mode = CONCAT(CONCAT(@@sql_mode, ',STRICT_ALL_TABLES'), ',NO_AUTO_VALUE_ON_ZERO'),  @@SESSION.sql_auto_is_null = 0, @@SESSION.wait_timeout = 2147483[0m
  [1m[35m (0.2ms)[0m  [1m[34mSELECT `schema_migrations`.`version` FROM `schema_migrations` ORDER BY `schema_migrations`.`version` ASC[0m
Processing by UserController#add_new_group as */*
  Parameters: {"id"=>"1"}
Completed 200 OK in 1ms (Views: 0.2ms | ActiveRecord: 0.0ms)


Started POST "/users/1/groups" for 127.0.0.1 at 2018-04-05 16:19:37 +0200
  [1m[35m (0.4ms)[0m  [1m[35mSET NAMES utf8,  @@SESSION.sql_mode = CONCAT(CONCAT(@@sql_mode, ',STRICT_ALL_TABLES'), ',NO_AUTO_VALUE_ON_ZERO'),  @@SESSION.sql_auto_is_null = 0, @@SESSION.wait_timeout = 2147483[0m
Processing by UserController#add_new_group as */*
  Parameters: {"id"=>"1", "user"=>{}}
Completed 200 OK in 0ms (Views: 0.1ms | ActiveRecord: 2.2ms)


Started POST "/users/1/groups" for 127.0.0.1 at 2018-04-05 16:20:32 +0200
Processing by UserController#add_new_group as */*
  Parameters: {"id"=>"1", "user"=>{}}
Completed 200 OK in 0ms (Views: 0.1ms | ActiveRecord: 0.0ms)


Started POST "/users/1/groups" for 127.0.0.1 at 2018-04-05 16:21:23 +0200
Processing by UserController#add_new_group as */*
  Parameters: {"name"=>"os", "id"=>"1", "user"=>{"name"=>"os"}}
Completed 200 OK in 0ms (Views: 0.1ms | ActiveRecord: 0.0ms)


Started POST "/users/1/groups" for 127.0.0.1 at 2018-04-05 16:22:14 +0200
  
SyntaxError (/home/mohamed/Desktop/YallaNotlop/RailsRestApi/app/controllers/user_controller.rb:4: unterminated string meets end of file
/home/mohamed/Desktop/YallaNotlop/RailsRestApi/app/controllers/user_controller.rb:4: syntax error, unexpected end-of-input, expecting keyword_end
        puts "HI
                ^):
  
app/controllers/user_controller.rb:4: unterminated string meets end of file
app/controllers/user_controller.rb:4: syntax error, unexpected end-of-input, expecting keyword_end
Started POST "/users/1/groups" for 127.0.0.1 at 2018-04-05 16:22:25 +0200
  
SyntaxError (/home/mohamed/Desktop/YallaNotlop/RailsRestApi/app/controllers/user_controller.rb:4: syntax error, unexpected end-of-input, expecting keyword_end
        puts "HI"
                 ^):
  
app/controllers/user_controller.rb:4: syntax error, unexpected end-of-input, expecting keyword_end
Started POST "/users/1/groups" for 127.0.0.1 at 2018-04-05 16:22:43 +0200
  
SyntaxError (/home/mohamed/Desktop/YallaNotlop/RailsRestApi/app/controllers/user_controller.rb:5: syntax error, unexpected end-of-input, expecting keyword_end
    end
       ^):
  
app/controllers/user_controller.rb:5: syntax error, unexpected end-of-input, expecting keyword_end
Started POST "/users/1/groups" for 127.0.0.1 at 2018-04-05 16:23:06 +0200
Processing by UserController#add_new_group as */*
  Parameters: {"name"=>"os", "id"=>"1", "user"=>{"name"=>"os"}}
Completed 204 No Content in 1ms (ActiveRecord: 0.8ms)


Started POST "/groups" for 127.0.0.1 at 2018-04-05 18:14:39 +0200
  [1m[35m (50.1ms)[0m  [1m[35mSET NAMES utf8,  @@SESSION.sql_mode = CONCAT(CONCAT(@@sql_mode, ',STRICT_ALL_TABLES'), ',NO_AUTO_VALUE_ON_ZERO'),  @@SESSION.sql_auto_is_null = 0, @@SESSION.wait_timeout = 2147483[0m
  [1m[35m (14.5ms)[0m  [1m[34mSELECT `schema_migrations`.`version` FROM `schema_migrations` ORDER BY `schema_migrations`.`version` ASC[0m
Processing by GroupController#add_group as */*
  Parameters: {"name"=>"os", "group"=>{"name"=>"os"}}
Completed 204 No Content in 1ms (ActiveRecord: 42.2ms)


Started POST "/groups" for 127.0.0.1 at 2018-04-05 18:14:56 +0200
  [1m[35m (0.2ms)[0m  [1m[35mSET NAMES utf8,  @@SESSION.sql_mode = CONCAT(CONCAT(@@sql_mode, ',STRICT_ALL_TABLES'), ',NO_AUTO_VALUE_ON_ZERO'),  @@SESSION.sql_auto_is_null = 0, @@SESSION.wait_timeout = 2147483[0m
Processing by GroupController#add_group as */*
  Parameters: {"name"=>"os", "group"=>{"name"=>"os"}}
Completed 200 OK in 1ms (Views: 0.3ms | ActiveRecord: 0.0ms)


Started POST "/groups" for 127.0.0.1 at 2018-04-05 18:16:28 +0200
Processing by GroupController#add_group as */*
  Parameters: {"name"=>"SD", "user_id"=>1, "group"=>{"name"=>"SD", "user_id"=>1}}
Completed 200 OK in 0ms (Views: 0.2ms | ActiveRecord: 0.0ms)


Started POST "/groups" for 127.0.0.1 at 2018-04-05 18:16:40 +0200
Processing by GroupController#add_group as */*
  Parameters: {"name"=>"SD", "user_id"=>1, "group"=>{"name"=>"SD", "user_id"=>1}}
Completed 200 OK in 1ms (Views: 0.2ms | ActiveRecord: 0.0ms)


Started POST "/groups" for 127.0.0.1 at 2018-04-05 18:19:16 +0200
Processing by GroupController#add_group as */*
  Parameters: {"name"=>"SD", "user_id"=>1, "group"=>{"name"=>"SD", "user_id"=>1}}
Completed 500 Internal Server Error in 6ms (ActiveRecord: 0.6ms)


  
ActiveModel::ForbiddenAttributesError (ActiveModel::ForbiddenAttributesError):
  
app/controllers/group_controller.rb:15:in `add_group'
Started POST "/groups" for 127.0.0.1 at 2018-04-05 18:21:36 +0200
Processing by GroupController#add_group as */*
  Parameters: {"name"=>"SD", "user_id"=>1, "group"=>{"name"=>"SD", "user_id"=>1}}
Unpermitted parameter: :group
Completed 500 Internal Server Error in 13ms (ActiveRecord: 0.0ms)


  
ActiveModel::ForbiddenAttributesError (ActiveModel::ForbiddenAttributesError):
  
app/controllers/group_controller.rb:16:in `add_group'
Started POST "/groups" for 127.0.0.1 at 2018-04-05 18:21:50 +0200
  [1m[35m (0.3ms)[0m  [1m[35mSET NAMES utf8,  @@SESSION.sql_mode = CONCAT(CONCAT(@@sql_mode, ',STRICT_ALL_TABLES'), ',NO_AUTO_VALUE_ON_ZERO'),  @@SESSION.sql_auto_is_null = 0, @@SESSION.wait_timeout = 2147483[0m
  [1m[35m (0.2ms)[0m  [1m[34mSELECT `schema_migrations`.`version` FROM `schema_migrations` ORDER BY `schema_migrations`.`version` ASC[0m
Processing by GroupController#add_group as */*
  Parameters: {"name"=>"SD", "user_id"=>1, "group"=>{"name"=>"SD", "user_id"=>1}}
Unpermitted parameter: :group
Completed 500 Internal Server Error in 4ms (ActiveRecord: 1.1ms)


  
ActiveModel::ForbiddenAttributesError (ActiveModel::ForbiddenAttributesError):
  
app/controllers/group_controller.rb:16:in `add_group'
Started POST "/groups" for 127.0.0.1 at 2018-04-05 18:22:54 +0200
  [1m[35m (0.3ms)[0m  [1m[35mSET NAMES utf8,  @@SESSION.sql_mode = CONCAT(CONCAT(@@sql_mode, ',STRICT_ALL_TABLES'), ',NO_AUTO_VALUE_ON_ZERO'),  @@SESSION.sql_auto_is_null = 0, @@SESSION.wait_timeout = 2147483[0m
Processing by GroupController#add_group as */*
  Parameters: {"name"=>"SD", "user_id"=>1, "group"=>{"name"=>"SD", "user_id"=>1}}
Unpermitted parameter: :group
Completed 500 Internal Server Error in 1ms (ActiveRecord: 0.0ms)


  
ArgumentError (wrong number of arguments (given 2, expected 0..1)):
  
app/controllers/group_controller.rb:16:in `add_group'
Started POST "/groups" for 127.0.0.1 at 2018-04-05 18:25:20 +0200
Processing by GroupController#create as */*
  Parameters: {"name"=>"SD", "user_id"=>1, "group"=>{"name"=>"SD", "user_id"=>1}}
Completed 200 OK in 3ms (Views: 0.5ms | ActiveRecord: 0.0ms)


Started POST "/groups" for 127.0.0.1 at 2018-04-05 18:25:41 +0200
Processing by GroupController#add_group as */*
  Parameters: {"name"=>"SD", "user_id"=>1, "group"=>{"name"=>"SD", "user_id"=>1}}
Completed 200 OK in 1ms (Views: 0.3ms | ActiveRecord: 0.0ms)


Started POST "/groups" for 127.0.0.1 at 2018-04-05 18:25:42 +0200
Processing by GroupController#add_group as */*
  Parameters: {"name"=>"SD", "user_id"=>1, "group"=>{"name"=>"SD", "user_id"=>1}}
Completed 200 OK in 0ms (Views: 0.2ms | ActiveRecord: 0.0ms)


Started POST "/groups" for 127.0.0.1 at 2018-04-05 18:26:26 +0200
Processing by GroupController#add_group as */*
  Parameters: {"name"=>"SD", "user_id"=>1, "group"=>{"name"=>"SD", "user_id"=>1}}
Completed 204 No Content in 4ms (ActiveRecord: 0.0ms)


Started POST "/groups" for 127.0.0.1 at 2018-04-05 18:26:49 +0200
Processing by GroupController#add_group as */*
  Parameters: {"name"=>"SD", "user_id"=>1, "group"=>{"name"=>"SD", "user_id"=>1}}
Completed 200 OK in 5ms (Views: 0.3ms | ActiveRecord: 0.0ms)


Started POST "/groups" for 127.0.0.1 at 2018-04-05 18:28:12 +0200
Processing by GroupController#add_group as */*
  Parameters: {"name"=>"SD", "user_id"=>1, "group"=>{"name"=>"SD", "user_id"=>1}}
Completed 204 No Content in 5ms (ActiveRecord: 0.0ms)


Started POST "/groups" for 127.0.0.1 at 2018-04-05 18:28:34 +0200
Processing by GroupController#add_group as */*
  Parameters: {"name"=>"SD", "user_id"=>1, "group"=>{"name"=>"SD", "user_id"=>1}}
Completed 200 OK in 4ms (Views: 0.4ms | ActiveRecord: 0.0ms)


Started POST "/groups" for 127.0.0.1 at 2018-04-05 18:28:46 +0200
Processing by GroupController#add_group as */*
  Parameters: {"name"=>"SD", "user_id"=>1, "group"=>{"name"=>"SD", "user_id"=>1}}
Completed 200 OK in 4ms (Views: 0.2ms | ActiveRecord: 0.0ms)


Started POST "/groups" for 127.0.0.1 at 2018-04-05 18:29:06 +0200
Processing by GroupController#add_group as */*
  Parameters: {"name"=>"SD", "user_id"=>1, "group"=>{"name"=>"SD", "user_id"=>1}}
Completed 500 Internal Server Error in 5ms (ActiveRecord: 0.0ms)


  
ActiveModel::ForbiddenAttributesError (ActiveModel::ForbiddenAttributesError):
  
app/controllers/group_controller.rb:15:in `add_group'
Started POST "/groups" for 127.0.0.1 at 2018-04-05 18:29:38 +0200
Processing by GroupController#add_group as */*
  Parameters: {"name"=>"SD", "user_id"=>1, "group"=>{"name"=>"SD", "user_id"=>1}}
Completed 500 Internal Server Error in 6ms (ActiveRecord: 0.0ms)


  
ActiveModel::ForbiddenAttributesError (ActiveModel::ForbiddenAttributesError):
  
app/controllers/group_controller.rb:16:in `add_group'
Started POST "/groups" for 127.0.0.1 at 2018-04-05 18:30:05 +0200
  [1m[35m (0.2ms)[0m  [1m[35mSET NAMES utf8,  @@SESSION.sql_mode = CONCAT(CONCAT(@@sql_mode, ',STRICT_ALL_TABLES'), ',NO_AUTO_VALUE_ON_ZERO'),  @@SESSION.sql_auto_is_null = 0, @@SESSION.wait_timeout = 2147483[0m
  [1m[35m (0.2ms)[0m  [1m[34mSELECT `schema_migrations`.`version` FROM `schema_migrations` ORDER BY `schema_migrations`.`version` ASC[0m
Processing by GroupController#add_group as */*
  Parameters: {"name"=>"SD", "user_id"=>1, "group"=>{"name"=>"SD", "user_id"=>1}}
Completed 500 Internal Server Error in 4ms (ActiveRecord: 1.1ms)


  
ActiveModel::ForbiddenAttributesError (ActiveModel::ForbiddenAttributesError):
  
app/controllers/group_controller.rb:16:in `add_group'
Started POST "/groups" for 127.0.0.1 at 2018-04-05 18:31:04 +0200
Processing by GroupController#add_group as */*
  Parameters: {"name"=>"SD", "user_id"=>1, "group"=>{"name"=>"SD", "user_id"=>1}}
Completed 500 Internal Server Error in 1ms (ActiveRecord: 0.0ms)


  
ActiveModel::ForbiddenAttributesError (ActiveModel::ForbiddenAttributesError):
  
app/controllers/group_controller.rb:16:in `add_group'
Started POST "/groups" for 127.0.0.1 at 2018-04-05 18:33:28 +0200
  [1m[35m (0.2ms)[0m  [1m[35mSET NAMES utf8,  @@SESSION.sql_mode = CONCAT(CONCAT(@@sql_mode, ',STRICT_ALL_TABLES'), ',NO_AUTO_VALUE_ON_ZERO'),  @@SESSION.sql_auto_is_null = 0, @@SESSION.wait_timeout = 2147483[0m
Processing by GroupController#add_group as */*
  Parameters: {"name"=>"SD", "user_id"=>1, "group"=>{"name"=>"SD", "user_id"=>1}}
Unpermitted parameters: :name, :user_id, :group
Completed 500 Internal Server Error in 7ms (ActiveRecord: 0.0ms)


  
ActiveModel::ForbiddenAttributesError (ActiveModel::ForbiddenAttributesError):
  
app/controllers/group_controller.rb:16:in `add_group'
Started POST "/groups" for 127.0.0.1 at 2018-04-05 18:34:10 +0200
Processing by GroupController#add_group as */*
  Parameters: {"name"=>"SD", "user_id"=>1, "group"=>{"name"=>"SD", "user_id"=>1}}
Unpermitted parameter: :group
Completed 500 Internal Server Error in 7ms (ActiveRecord: 0.0ms)


  
ActiveModel::ForbiddenAttributesError (ActiveModel::ForbiddenAttributesError):
  
app/controllers/group_controller.rb:16:in `add_group'
Started POST "/groups" for 127.0.0.1 at 2018-04-05 18:34:14 +0200
Processing by GroupController#add_group as */*
  Parameters: {"name"=>"SD", "user_id"=>1, "group"=>{"name"=>"SD", "user_id"=>1}}
Unpermitted parameter: :group
Completed 500 Internal Server Error in 1ms (ActiveRecord: 0.0ms)


  
ActiveModel::ForbiddenAttributesError (ActiveModel::ForbiddenAttributesError):
  
app/controllers/group_controller.rb:16:in `add_group'
Started POST "/groups" for 127.0.0.1 at 2018-04-05 18:34:48 +0200
Processing by GroupController#add_group as */*
  Parameters: {"name"=>"SD", "user_id"=>1, "group"=>{"name"=>"SD", "user_id"=>1}}
Completed 200 OK in 7ms (Views: 0.5ms | ActiveRecord: 0.0ms)


Started POST "/groups" for 127.0.0.1 at 2018-04-05 18:35:09 +0200
Processing by GroupController#add_group as */*
  Parameters: {"name"=>"SD", "user_id"=>1, "group"=>{"name"=>"SD", "user_id"=>1}}
Completed 500 Internal Server Error in 5ms (ActiveRecord: 0.0ms)


  
ActiveModel::ForbiddenAttributesError (ActiveModel::ForbiddenAttributesError):
  
app/controllers/group_controller.rb:16:in `add_group'
Started POST "/groups" for 127.0.0.1 at 2018-04-05 18:36:01 +0200
Processing by GroupController#add_group as */*
  Parameters: {"name"=>"SD", "user_id"=>1, "group"=>{"name"=>"SD", "user_id"=>1}}
Completed 200 OK in 7ms (Views: 0.3ms | ActiveRecord: 0.0ms)


Started POST "/groups" for 127.0.0.1 at 2018-04-05 18:36:36 +0200
Processing by GroupController#add_group as */*
  Parameters: {"name"=>"SD", "user_id"=>1, "group"=>{"name"=>"SD", "user_id"=>1}}
Completed 500 Internal Server Error in 2ms (ActiveRecord: 0.0ms)


  
NoMethodError (private method `require' called for nil:NilClass):
  
app/controllers/group_controller.rb:15:in `add_group'
Started POST "/groups" for 127.0.0.1 at 2018-04-05 18:37:03 +0200
Processing by GroupController#add_group as */*
  Parameters: {"name"=>"SD", "user_id"=>1, "group"=>{"name"=>"SD", "user_id"=>1}}
Completed 500 Internal Server Error in 0ms (ActiveRecord: 0.0ms)


  
ArgumentError (wrong number of arguments (given 2, expected 0)):
  
app/controllers/group_controller.rb:15:in `add_group'
Started POST "/groups" for 127.0.0.1 at 2018-04-05 18:37:10 +0200
Processing by GroupController#add_group as */*
  Parameters: {"name"=>"SD", "user_id"=>1, "group"=>{"name"=>"SD", "user_id"=>1}}
Completed 200 OK in 7ms (Views: 0.2ms | ActiveRecord: 0.0ms)


Started POST "/groups" for 127.0.0.1 at 2018-04-05 18:37:26 +0200
Processing by GroupController#add_group as */*
  Parameters: {"name"=>"SD", "user_id"=>1, "num"=>25, "group"=>{"name"=>"SD", "user_id"=>1}}
Completed 200 OK in 1ms (Views: 0.3ms | ActiveRecord: 0.0ms)


Started POST "/groups" for 127.0.0.1 at 2018-04-05 18:38:07 +0200
Processing by GroupController#add_group as */*
  Parameters: {"name"=>"SD", "user_id"=>1, "num"=>25, "group"=>{"name"=>"SD", "user_id"=>1}}
Completed 200 OK in 4ms (Views: 0.3ms | ActiveRecord: 0.0ms)


Started POST "/groups" for 127.0.0.1 at 2018-04-05 19:05:14 +0200
  
ActionController::RoutingError (No route matches [POST] "/groups"):
  
actionpack (5.1.6) lib/action_dispatch/middleware/debug_exceptions.rb:63:in `call'
actionpack (5.1.6) lib/action_dispatch/middleware/show_exceptions.rb:31:in `call'
railties (5.1.6) lib/rails/rack/logger.rb:36:in `call_app'
railties (5.1.6) lib/rails/rack/logger.rb:24:in `block in call'
activesupport (5.1.6) lib/active_support/tagged_logging.rb:69:in `block in tagged'
activesupport (5.1.6) lib/active_support/tagged_logging.rb:26:in `tagged'
activesupport (5.1.6) lib/active_support/tagged_logging.rb:69:in `tagged'
railties (5.1.6) lib/rails/rack/logger.rb:24:in `call'
actionpack (5.1.6) lib/action_dispatch/middleware/remote_ip.rb:79:in `call'
actionpack (5.1.6) lib/action_dispatch/middleware/request_id.rb:25:in `call'
rack (2.0.4) lib/rack/runtime.rb:22:in `call'
activesupport (5.1.6) lib/active_support/cache/strategy/local_cache_middleware.rb:27:in `call'
actionpack (5.1.6) lib/action_dispatch/middleware/executor.rb:12:in `call'
actionpack (5.1.6) lib/action_dispatch/middleware/static.rb:125:in `call'
rack (2.0.4) lib/rack/sendfile.rb:111:in `call'
railties (5.1.6) lib/rails/engine.rb:522:in `call'
puma (3.11.3) lib/puma/configuration.rb:225:in `call'
puma (3.11.3) lib/puma/server.rb:624:in `handle_request'
puma (3.11.3) lib/puma/server.rb:438:in `process_client'
puma (3.11.3) lib/puma/server.rb:302:in `block in run'
puma (3.11.3) lib/puma/thread_pool.rb:120:in `block in spawn_thread'
Started POST "/users/1/groups" for 127.0.0.1 at 2018-04-05 19:05:33 +0200
Processing by GroupController#add_group as */*
  Parameters: {"name"=>"SD", "user_id"=>1, "num"=>25, "id"=>"1", "group"=>{"name"=>"SD", "user_id"=>1}}
Completed 200 OK in 5ms (Views: 0.3ms | ActiveRecord: 0.0ms)


Started POST "/users/1/groups" for 127.0.0.1 at 2018-04-05 19:06:02 +0200
Processing by GroupController#add_group as */*
  Parameters: {"name"=>"SD", "id"=>"1", "group"=>{"name"=>"SD"}}
Completed 200 OK in 1ms (Views: 0.2ms | ActiveRecord: 0.0ms)


Started POST "/users/1/groups" for 127.0.0.1 at 2018-04-05 19:06:26 +0200
Processing by GroupController#add_group as */*
  Parameters: {"name"=>"SD", "id"=>"1", "group"=>{"name"=>"SD"}}
Completed 200 OK in 4ms (Views: 0.1ms | ActiveRecord: 0.0ms)


Started POST "/users/1/groups" for 127.0.0.1 at 2018-04-05 19:06:36 +0200
Processing by GroupController#add_group as */*
  Parameters: {"name"=>"SD", "id"=>"1", "group"=>{"name"=>"SD"}}
Completed 200 OK in 7ms (Views: 0.1ms | ActiveRecord: 0.0ms)


Started POST "/users/1/groups" for 127.0.0.1 at 2018-04-05 19:06:43 +0200
Processing by GroupController#add_group as */*
  Parameters: {"name"=>"SD", "id"=>"1", "group"=>{"name"=>"SD"}}
Completed 200 OK in 5ms (Views: 0.2ms | ActiveRecord: 0.0ms)


Started POST "/users/1/groups" for 127.0.0.1 at 2018-04-05 19:06:51 +0200
Processing by GroupController#add_group as */*
  Parameters: {"name"=>"SD", "id"=>"1", "group"=>{"name"=>"SD"}}
Completed 200 OK in 4ms (Views: 0.1ms | ActiveRecord: 0.0ms)


Started POST "/users/1/groups" for 127.0.0.1 at 2018-04-05 19:07:01 +0200
Processing by GroupController#add_group as */*
  Parameters: {"name"=>"SD", "id"=>"1", "group"=>{"name"=>"SD"}}
Completed 200 OK in 8ms (Views: 0.2ms | ActiveRecord: 0.0ms)


Started POST "/users/1/groups" for 127.0.0.1 at 2018-04-05 19:07:21 +0200
Processing by GroupController#add_group as */*
  Parameters: {"name"=>"SD", "id"=>"1", "group"=>{"name"=>"SD"}}
Completed 200 OK in 1ms (Views: 0.6ms | ActiveRecord: 0.0ms)


Started POST "/users/1/groups" for 127.0.0.1 at 2018-04-05 19:07:37 +0200
  
SyntaxError (/home/mohamed/Desktop/YallaNotlop/RailsRestApi/app/controllers/group_controller.rb:16: syntax error, unexpected '\n', expecting =>):
  
app/controllers/group_controller.rb:16: syntax error, unexpected '\n', expecting =>
Started POST "/users/1/groups" for 127.0.0.1 at 2018-04-05 19:07:48 +0200
  
SyntaxError (/home/mohamed/Desktop/YallaNotlop/RailsRestApi/app/controllers/group_controller.rb:16: syntax error, unexpected ',', expecting =>
 render json: {params[:group], params[:id]}
                              ^
/home/mohamed/Desktop/YallaNotlop/RailsRestApi/app/controllers/group_controller.rb:16: syntax error, unexpected '}', expecting keyword_end
 {params[:group], params[:id]}
                              ^):
  
app/controllers/group_controller.rb:16: syntax error, unexpected ',', expecting =>
app/controllers/group_controller.rb:16: syntax error, unexpected '}', expecting keyword_end
Started POST "/users/1/groups" for 127.0.0.1 at 2018-04-05 19:08:37 +0200
Processing by GroupController#add_group as */*
  Parameters: {"name"=>"SD", "id"=>"1", "group"=>{"name"=>"SD"}}
Completed 200 OK in 1ms (Views: 0.2ms | ActiveRecord: 0.6ms)


Started POST "/users/1/groups" for 127.0.0.1 at 2018-04-05 19:08:49 +0200
Processing by GroupController#add_group as */*
  Parameters: {"name"=>"SD", "id"=>"1", "group"=>{"name"=>"SD"}}
Completed 200 OK in 1ms (Views: 0.2ms | ActiveRecord: 0.0ms)


Started POST "/users/1/groups" for 127.0.0.1 at 2018-04-05 19:09:30 +0200
Processing by GroupController#add_group as */*
  Parameters: {"name"=>"SD", "id"=>"1", "group"=>{"name"=>"SD"}}
Completed 200 OK in 4ms (Views: 0.1ms | ActiveRecord: 0.4ms)


Started POST "/users/1/groups" for 127.0.0.1 at 2018-04-05 19:09:41 +0200
Processing by GroupController#add_group as */*
  Parameters: {"name"=>"SD", "id"=>"1", "group"=>{"name"=>"SD"}}
Completed 200 OK in 5ms (Views: 0.4ms | ActiveRecord: 0.0ms)


Started POST "/users/1/groups" for 127.0.0.1 at 2018-04-05 19:09:57 +0200
Processing by GroupController#add_group as */*
  Parameters: {"name"=>"SD", "id"=>"1", "group"=>{"name"=>"SD"}}
Completed 200 OK in 5ms (Views: 0.3ms | ActiveRecord: 0.0ms)


Started POST "/users/1/groups" for 127.0.0.1 at 2018-04-05 19:10:46 +0200
Processing by GroupController#add_group as */*
  Parameters: {"name"=>"SD", "id"=>"1", "group"=>{"name"=>"SD"}}
  [1m[35m (0.2ms)[0m  [1m[35mBEGIN[0m
  [1m[36mUser Load (0.8ms)[0m  [1m[34mSELECT  `users`.* FROM `users` WHERE `users`.`id` = 1 LIMIT 1[0m
  [1m[35mSQL (22.8ms)[0m  [1m[32mINSERT INTO `groups` (`name`, `user_id`, `created_at`, `updated_at`) VALUES ('SD', 1, '2018-04-05 17:10:46', '2018-04-05 17:10:46')[0m
  [1m[35m (38.8ms)[0m  [1m[35mCOMMIT[0m
Completed 200 OK in 240ms (Views: 0.7ms | ActiveRecord: 107.9ms)


Started POST "/groups/1/users" for 127.0.0.1 at 2018-04-05 19:36:45 +0200
  [1m[35m (0.2ms)[0m  [1m[35mSET NAMES utf8,  @@SESSION.sql_mode = CONCAT(CONCAT(@@sql_mode, ',STRICT_ALL_TABLES'), ',NO_AUTO_VALUE_ON_ZERO'),  @@SESSION.sql_auto_is_null = 0, @@SESSION.wait_timeout = 2147483[0m
  [1m[35m (0.2ms)[0m  [1m[34mSELECT `schema_migrations`.`version` FROM `schema_migrations` ORDER BY `schema_migrations`.`version` ASC[0m
Processing by UserController#add_user_to_group as */*
  Parameters: {"name"=>"Ali", "id"=>"1", "user"=>{"name"=>"Ali"}}
Completed 200 OK in 1ms (Views: 0.3ms | ActiveRecord: 1.0ms)


Started POST "/groups/1/users" for 127.0.0.1 at 2018-04-05 19:37:53 +0200
  [1m[35m (0.2ms)[0m  [1m[35mSET NAMES utf8,  @@SESSION.sql_mode = CONCAT(CONCAT(@@sql_mode, ',STRICT_ALL_TABLES'), ',NO_AUTO_VALUE_ON_ZERO'),  @@SESSION.sql_auto_is_null = 0, @@SESSION.wait_timeout = 2147483[0m
Processing by UserController#add_user_to_group as */*
  Parameters: {"name"=>"Ali", "id"=>"1", "user"=>{"name"=>"Ali"}}
  [1m[36mGroup Load (0.3ms)[0m  [1m[34mSELECT  `groups`.* FROM `groups` WHERE `groups`.`id` = 1 LIMIT 1[0m
Completed 200 OK in 13ms (Views: 0.6ms | ActiveRecord: 1.1ms)


Started POST "/groups/1/users" for 127.0.0.1 at 2018-04-05 19:38:21 +0200
Processing by UserController#add_user_to_group as */*
  Parameters: {"name"=>"Ali", "id"=>"1", "user"=>{"name"=>"Ali"}}
  [1m[36mGroup Load (0.4ms)[0m  [1m[34mSELECT  `groups`.* FROM `groups` WHERE `groups`.`id` = 1 LIMIT 1[0m
  [1m[36mUser Load (29.8ms)[0m  [1m[34mSELECT `users`.* FROM `users` INNER JOIN `groups_users` ON `users`.`id` = `groups_users`.`user_id` WHERE `groups_users`.`group_id` = 1[0m
Completed 200 OK in 131ms (Views: 36.9ms | ActiveRecord: 30.5ms)


Started POST "/groups/1/users" for 127.0.0.1 at 2018-04-05 19:38:34 +0200
Processing by UserController#add_user_to_group as */*
  Parameters: {"name"=>"Ali", "id"=>"1", "user"=>{"name"=>"Ali"}}
  [1m[36mGroup Load (0.4ms)[0m  [1m[34mSELECT  `groups`.* FROM `groups` WHERE `groups`.`id` = 2 LIMIT 1[0m
  [1m[36mUser Load (0.4ms)[0m  [1m[34mSELECT `users`.* FROM `users` INNER JOIN `groups_users` ON `users`.`id` = `groups_users`.`user_id` WHERE `groups_users`.`group_id` = 2[0m
Completed 200 OK in 18ms (Views: 2.9ms | ActiveRecord: 0.7ms)


Started POST "/groups/1/users" for 127.0.0.1 at 2018-04-05 19:40:33 +0200
Processing by UserController#add_user_to_group as */*
  Parameters: {"name"=>"Ali", "id"=>"1", "user"=>{"name"=>"Ali"}}
  [1m[36mGroup Load (0.4ms)[0m  [1m[34mSELECT  `groups`.* FROM `groups` WHERE `groups`.`id` = 1 LIMIT 1[0m
Completed 500 Internal Server Error in 20ms (ActiveRecord: 0.4ms)


  
ActiveRecord::StatementInvalid (can't quote ActionController::Parameters):
  
app/controllers/user_controller.rb:6:in `add_user_to_group'
Started POST "/groups/1/users" for 127.0.0.1 at 2018-04-05 19:41:01 +0200
Processing by UserController#add_user_to_group as */*
  Parameters: {"name"=>"Ali", "id"=>"1", "user"=>{"name"=>"Ali"}}
  [1m[36mGroup Load (0.4ms)[0m  [1m[34mSELECT  `groups`.* FROM `groups` WHERE `groups`.`id` = 1 LIMIT 1[0m
Completed 200 OK in 24ms (Views: 0.2ms | ActiveRecord: 0.4ms)


Started POST "/groups/1/users" for 127.0.0.1 at 2018-04-05 19:41:16 +0200
Processing by UserController#add_user_to_group as */*
  Parameters: {"name"=>"Ali", "id"=>"1", "user"=>{"name"=>"Ali"}}
  [1m[36mGroup Load (0.4ms)[0m  [1m[34mSELECT  `groups`.* FROM `groups` WHERE `groups`.`id` = 1 LIMIT 1[0m
Completed 200 OK in 12ms (Views: 0.2ms | ActiveRecord: 0.4ms)


Started POST "/groups/1/users" for 127.0.0.1 at 2018-04-05 19:41:25 +0200
Processing by UserController#add_user_to_group as */*
  Parameters: {"name"=>"Ali", "id"=>"1", "user"=>{"name"=>"Ali"}}
  [1m[36mGroup Load (0.3ms)[0m  [1m[34mSELECT  `groups`.* FROM `groups` WHERE `groups`.`id` = 1 LIMIT 1[0m
Completed 500 Internal Server Error in 11ms (ActiveRecord: 0.3ms)


  
ActiveRecord::StatementInvalid (can't quote ActionController::Parameters):
  
app/controllers/user_controller.rb:6:in `add_user_to_group'
Started POST "/groups/1/users" for 127.0.0.1 at 2018-04-05 19:41:46 +0200
Processing by UserController#add_user_to_group as */*
  Parameters: {"name"=>"Ali", "id"=>"1", "user"=>{"name"=>"Ali"}}
  [1m[36mGroup Load (0.4ms)[0m  [1m[34mSELECT  `groups`.* FROM `groups` WHERE `groups`.`id` = 1 LIMIT 1[0m
Completed 500 Internal Server Error in 13ms (ActiveRecord: 0.4ms)


  
NoMethodError (undefined method `user' for <ActionController::Parameters {"name"=>"Ali"} permitted: false>:ActionController::Parameters):
  
app/controllers/user_controller.rb:6:in `add_user_to_group'
Started POST "/groups/1/users" for 127.0.0.1 at 2018-04-05 19:41:58 +0200
Processing by UserController#add_user_to_group as */*
  Parameters: {"name"=>"Ali", "id"=>"1", "user"=>{"name"=>"Ali"}}
  [1m[36mGroup Load (0.6ms)[0m  [1m[34mSELECT  `groups`.* FROM `groups` WHERE `groups`.`id` = 1 LIMIT 1[0m
  [1m[36mUser Load (0.5ms)[0m  [1m[34mSELECT  `users`.* FROM `users` WHERE `users`.`name` = 'Ali' LIMIT 1[0m
Completed 200 OK in 23ms (Views: 0.3ms | ActiveRecord: 1.0ms)


Started POST "/groups/1/users" for 127.0.0.1 at 2018-04-05 19:42:11 +0200
Processing by UserController#add_user_to_group as */*
  Parameters: {"name"=>"Ali", "id"=>"1", "user"=>{"name"=>"Ali"}}
  [1m[36mGroup Load (0.3ms)[0m  [1m[34mSELECT  `groups`.* FROM `groups` WHERE `groups`.`id` = 1 LIMIT 1[0m
  [1m[36mUser Load (0.5ms)[0m  [1m[34mSELECT  `users`.* FROM `users` WHERE `users`.`name` = 'Ali' LIMIT 1[0m
Completed 200 OK in 13ms (Views: 0.2ms | ActiveRecord: 0.7ms)


Started POST "/groups/1/users" for 127.0.0.1 at 2018-04-05 19:42:49 +0200
Processing by UserController#add_user_to_group as */*
  Parameters: {"name"=>"mezo", "id"=>"1", "user"=>{"name"=>"mezo"}}
  [1m[36mGroup Load (0.5ms)[0m  [1m[34mSELECT  `groups`.* FROM `groups` WHERE `groups`.`id` = 1 LIMIT 1[0m
  [1m[36mUser Load (0.5ms)[0m  [1m[34mSELECT  `users`.* FROM `users` WHERE `users`.`name` = 'mezo' LIMIT 1[0m
Completed 200 OK in 9ms (Views: 0.4ms | ActiveRecord: 2.0ms)


Started POST "/groups/3/users" for 127.0.0.1 at 2018-04-05 19:48:19 +0200
Processing by UserController#add_user_to_group as */*
  Parameters: {"name"=>"mezo", "id"=>"3", "user"=>{"name"=>"mezo"}}
  [1m[36mGroup Load (0.4ms)[0m  [1m[34mSELECT  `groups`.* FROM `groups` WHERE `groups`.`id` = 3 LIMIT 1[0m
Completed 200 OK in 19ms (Views: 0.3ms | ActiveRecord: 2.3ms)


Started POST "/groups/2/users" for 127.0.0.1 at 2018-04-05 19:48:29 +0200
Processing by UserController#add_user_to_group as */*
  Parameters: {"name"=>"mezo", "id"=>"2", "user"=>{"name"=>"mezo"}}
  [1m[36mGroup Load (0.4ms)[0m  [1m[34mSELECT  `groups`.* FROM `groups` WHERE `groups`.`id` = 2 LIMIT 1[0m
  [1m[36mUser Load (0.4ms)[0m  [1m[34mSELECT  `users`.* FROM `users` WHERE `users`.`name` = 'mezo' LIMIT 1[0m
  [1m[35m (0.2ms)[0m  [1m[35mBEGIN[0m
  [1m[35mSQL (0.4ms)[0m  [1m[32mINSERT INTO `groups_users` (`user_id`, `group_id`) VALUES (3, 2)[0m
  [1m[35m (15.9ms)[0m  [1m[35mCOMMIT[0m
Completed 200 OK in 45ms (Views: 0.2ms | ActiveRecord: 19.3ms)


Started POST "/users/1/groups" for 127.0.0.1 at 2018-04-05 19:52:25 +0200
Processing by GroupController#add_group as */*
  Parameters: {"name"=>"MMM", "id"=>"1", "group"=>{"name"=>"MMM"}}
Completed 200 OK in 1ms (Views: 0.3ms | ActiveRecord: 2.0ms)


Started POST "/users/1/groups" for 127.0.0.1 at 2018-04-05 19:58:02 +0200
Processing by GroupController#add_group as */*
  Parameters: {"name"=>"os", "id"=>"1", "group"=>{"name"=>"os"}}
  [1m[36mGroup Load (0.3ms)[0m  [1m[34mSELECT  `groups`.* FROM `groups` WHERE `groups`.`id` = NULL LIMIT 1[0m
Completed 404 Not Found in 5ms (ActiveRecord: 1.1ms)


  
ActiveRecord::RecordNotFound (Couldn't find Group with 'id'={:user_id=>"1", :name=>"os"}):
  
app/controllers/group_controller.rb:23:in `add_group'
Started POST "/users/1/groups" for 127.0.0.1 at 2018-04-05 20:01:13 +0200
Processing by GroupController#add_group as */*
  Parameters: {"name"=>"os", "id"=>"1", "group"=>{"name"=>"os"}}
  [1m[36mGroup Load (0.5ms)[0m  [1m[34mSELECT `groups`.* FROM `groups` WHERE `groups`.`user_id` = 1 AND `groups`.`name` = 'os'[0m
Completed 200 OK in 13ms (Views: 11.7ms | ActiveRecord: 0.5ms)


Started POST "/users/1/groups" for 127.0.0.1 at 2018-04-05 20:06:45 +0200
Processing by GroupController#add_group as */*
  Parameters: {"name"=>"os", "id"=>"1", "group"=>{"name"=>"os"}}
  [1m[36mGroup Load (0.6ms)[0m  [1m[34mSELECT `groups`.* FROM `groups` WHERE `groups`.`user_id` = 1 AND `groups`.`name` = 'os'[0m
Completed 200 OK in 8ms (Views: 0.2ms | ActiveRecord: 0.6ms)


Started POST "/users/1/groups" for 127.0.0.1 at 2018-04-05 20:06:53 +0200
Processing by GroupController#add_group as */*
  Parameters: {"name"=>"SD", "id"=>"1", "group"=>{"name"=>"SD"}}
  [1m[36mGroup Load (0.4ms)[0m  [1m[34mSELECT `groups`.* FROM `groups` WHERE `groups`.`user_id` = 1 AND `groups`.`name` = 'SD'[0m
Completed 200 OK in 2ms (Views: 0.2ms | ActiveRecord: 0.4ms)


Started POST "/users/1/groups" for 127.0.0.1 at 2018-04-05 20:07:01 +0200
Processing by GroupController#add_group as */*
  Parameters: {"name"=>"java", "id"=>"1", "group"=>{"name"=>"java"}}
  [1m[36mGroup Load (0.5ms)[0m  [1m[34mSELECT `groups`.* FROM `groups` WHERE `groups`.`user_id` = 1 AND `groups`.`name` = 'java'[0m
  [1m[35m (0.6ms)[0m  [1m[35mBEGIN[0m
  [1m[36mUser Load (0.7ms)[0m  [1m[34mSELECT  `users`.* FROM `users` WHERE `users`.`id` = 1 LIMIT 1[0m
  [1m[35mSQL (0.4ms)[0m  [1m[32mINSERT INTO `groups` (`name`, `user_id`, `created_at`, `updated_at`) VALUES ('java', 1, '2018-04-05 18:07:01', '2018-04-05 18:07:01')[0m
  [1m[35m (104.8ms)[0m  [1m[35mCOMMIT[0m
Completed 200 OK in 141ms (Views: 0.6ms | ActiveRecord: 108.2ms)


Started GET "/groups/1/users" for 127.0.0.1 at 2018-04-05 20:14:14 +0200
Processing by UserController#list_group_users as HTML
  Parameters: {"id"=>"1"}
  [1m[36mGroup Load (0.5ms)[0m  [1m[34mSELECT  `groups`.* FROM `groups` WHERE `groups`.`id` = 1 LIMIT 1[0m
  [1m[36mUser Load (0.4ms)[0m  [1m[34mSELECT `users`.* FROM `users` INNER JOIN `groups_users` ON `users`.`id` = `groups_users`.`user_id` WHERE `groups_users`.`group_id` = 1[0m
Completed 200 OK in 26ms (Views: 6.6ms | ActiveRecord: 0.8ms)


Started GET "/favicon.ico" for 127.0.0.1 at 2018-04-05 20:14:15 +0200
  
ActionController::RoutingError (No route matches [GET] "/favicon.ico"):
  
actionpack (5.1.6) lib/action_dispatch/middleware/debug_exceptions.rb:63:in `call'
actionpack (5.1.6) lib/action_dispatch/middleware/show_exceptions.rb:31:in `call'
railties (5.1.6) lib/rails/rack/logger.rb:36:in `call_app'
railties (5.1.6) lib/rails/rack/logger.rb:24:in `block in call'
activesupport (5.1.6) lib/active_support/tagged_logging.rb:69:in `block in tagged'
activesupport (5.1.6) lib/active_support/tagged_logging.rb:26:in `tagged'
activesupport (5.1.6) lib/active_support/tagged_logging.rb:69:in `tagged'
railties (5.1.6) lib/rails/rack/logger.rb:24:in `call'
actionpack (5.1.6) lib/action_dispatch/middleware/remote_ip.rb:79:in `call'
actionpack (5.1.6) lib/action_dispatch/middleware/request_id.rb:25:in `call'
rack (2.0.4) lib/rack/runtime.rb:22:in `call'
activesupport (5.1.6) lib/active_support/cache/strategy/local_cache_middleware.rb:27:in `call'
actionpack (5.1.6) lib/action_dispatch/middleware/executor.rb:12:in `call'
actionpack (5.1.6) lib/action_dispatch/middleware/static.rb:125:in `call'
rack (2.0.4) lib/rack/sendfile.rb:111:in `call'
railties (5.1.6) lib/rails/engine.rb:522:in `call'
puma (3.11.3) lib/puma/configuration.rb:225:in `call'
puma (3.11.3) lib/puma/server.rb:624:in `handle_request'
puma (3.11.3) lib/puma/server.rb:438:in `process_client'
puma (3.11.3) lib/puma/server.rb:302:in `block in run'
puma (3.11.3) lib/puma/thread_pool.rb:120:in `block in spawn_thread'
Started GET "/favicon.ico" for 127.0.0.1 at 2018-04-05 20:14:15 +0200
  
ActionController::RoutingError (No route matches [GET] "/favicon.ico"):
  
actionpack (5.1.6) lib/action_dispatch/middleware/debug_exceptions.rb:63:in `call'
actionpack (5.1.6) lib/action_dispatch/middleware/show_exceptions.rb:31:in `call'
railties (5.1.6) lib/rails/rack/logger.rb:36:in `call_app'
railties (5.1.6) lib/rails/rack/logger.rb:24:in `block in call'
activesupport (5.1.6) lib/active_support/tagged_logging.rb:69:in `block in tagged'
activesupport (5.1.6) lib/active_support/tagged_logging.rb:26:in `tagged'
activesupport (5.1.6) lib/active_support/tagged_logging.rb:69:in `tagged'
railties (5.1.6) lib/rails/rack/logger.rb:24:in `call'
actionpack (5.1.6) lib/action_dispatch/middleware/remote_ip.rb:79:in `call'
actionpack (5.1.6) lib/action_dispatch/middleware/request_id.rb:25:in `call'
rack (2.0.4) lib/rack/runtime.rb:22:in `call'
activesupport (5.1.6) lib/active_support/cache/strategy/local_cache_middleware.rb:27:in `call'
actionpack (5.1.6) lib/action_dispatch/middleware/executor.rb:12:in `call'
actionpack (5.1.6) lib/action_dispatch/middleware/static.rb:125:in `call'
rack (2.0.4) lib/rack/sendfile.rb:111:in `call'
railties (5.1.6) lib/rails/engine.rb:522:in `call'
puma (3.11.3) lib/puma/configuration.rb:225:in `call'
puma (3.11.3) lib/puma/server.rb:624:in `handle_request'
puma (3.11.3) lib/puma/server.rb:438:in `process_client'
puma (3.11.3) lib/puma/server.rb:302:in `block in run'
puma (3.11.3) lib/puma/thread_pool.rb:120:in `block in spawn_thread'
Started GET "/groups/2/users" for 127.0.0.1 at 2018-04-05 20:14:37 +0200
Processing by UserController#list_group_users as HTML
  Parameters: {"id"=>"2"}
  [1m[36mGroup Load (0.5ms)[0m  [1m[34mSELECT  `groups`.* FROM `groups` WHERE `groups`.`id` = 2 LIMIT 1[0m
  [1m[36mUser Load (0.3ms)[0m  [1m[34mSELECT `users`.* FROM `users` INNER JOIN `groups_users` ON `users`.`id` = `groups_users`.`user_id` WHERE `groups_users`.`group_id` = 2[0m
Completed 200 OK in 5ms (Views: 2.0ms | ActiveRecord: 0.8ms)


Started GET "/groups/3/users" for 127.0.0.1 at 2018-04-05 20:14:41 +0200
Processing by UserController#list_group_users as HTML
  Parameters: {"id"=>"3"}
  [1m[36mGroup Load (0.5ms)[0m  [1m[34mSELECT  `groups`.* FROM `groups` WHERE `groups`.`id` = 3 LIMIT 1[0m
  [1m[36mUser Load (0.4ms)[0m  [1m[34mSELECT `users`.* FROM `users` INNER JOIN `groups_users` ON `users`.`id` = `groups_users`.`user_id` WHERE `groups_users`.`group_id` = 3[0m
Completed 200 OK in 4ms (Views: 1.5ms | ActiveRecord: 0.9ms)


Started GET "/groups/4/users" for 127.0.0.1 at 2018-04-05 20:14:48 +0200
Processing by UserController#list_group_users as HTML
  Parameters: {"id"=>"4"}
  [1m[36mGroup Load (0.4ms)[0m  [1m[34mSELECT  `groups`.* FROM `groups` WHERE `groups`.`id` = 4 LIMIT 1[0m
Completed 200 OK in 2ms (Views: 0.2ms | ActiveRecord: 0.4ms)


Started GET "/groups/3/users" for 127.0.0.1 at 2018-04-05 20:14:53 +0200
Processing by UserController#list_group_users as HTML
  Parameters: {"id"=>"3"}
  [1m[36mGroup Load (0.5ms)[0m  [1m[34mSELECT  `groups`.* FROM `groups` WHERE `groups`.`id` = 3 LIMIT 1[0m
  [1m[36mUser Load (0.5ms)[0m  [1m[34mSELECT `users`.* FROM `users` INNER JOIN `groups_users` ON `users`.`id` = `groups_users`.`user_id` WHERE `groups_users`.`group_id` = 3[0m
Completed 200 OK in 5ms (Views: 2.2ms | ActiveRecord: 1.0ms)


